<?xml version="1.0" encoding="UTF-8"?>
<testsuite name="SumCalculatorTest" tests="3" skipped="0" failures="0" errors="0" timestamp="2023-06-08T18:18:47" hostname="WIN-DIMAPOL" time="0.022">
  <properties/>
  <testcase name="shouldSum1()" classname="SumCalculatorTest" time="0.017"/>
  <testcase name="shouldSum3()" classname="SumCalculatorTest" time="0.0"/>
  <testcase name="shouldNotSum0()" classname="SumCalculatorTest" time="0.002"/>
  <system-out><![CDATA[]]></system-out>
  <system-err><![CDATA[]]></system-err>
</testsuite>
