<?xml version="1.0" encoding="UTF-8"?>
<testsuite name="SumCalculatorTest" tests="3" skipped="0" failures="0" errors="0" timestamp="2023-07-16T07:30:37" hostname="WIN-DIMAPOL" time="0.026">
  <properties/>
  <testcase name="shouldSum1()" classname="SumCalculatorTest" time="0.02"/>
  <testcase name="shouldSum3()" classname="SumCalculatorTest" time="0.001"/>
  <testcase name="shouldNotSum0()" classname="SumCalculatorTest" time="0.003"/>
  <system-out><![CDATA[]]></system-out>
  <system-err><![CDATA[]]></system-err>
</testsuite>
